<?xml version="1.0" encoding="UTF-8"?>
<!-- Generated by org.testng.reporters.JUnitXMLReporter -->
<testsuite hostname="SatishSathya" ignored="2" name="Test" tests="2" failures="0" timestamp="2020-01-09T20:09:15 IST" time="14.166" errors="0">
  <testcase name="@BeforeClass loginBrowser" time="0.0" classname="testng.Baseclass">
    <failure type="java.lang.NullPointerException">
      <![CDATA[java.lang.NullPointerException
at testng.Baseclass.loginBrowser(Baseclass.java:33)
at java.util.ArrayList.forEach(Unknown Source)
... Removed 25 stack frames]]>
    </failure>
  </testcase> <!-- @BeforeClass loginBrowser -->
  <testcase name="@BeforeMethod clickOnProjectuser" time="-1.578580750207E9" classname="testng.CreateUser">
    <skipped/>
  </testcase> <!-- @BeforeMethod clickOnProjectuser -->
  <testcase name="@AfterMethod retriveSucessMessage" time="-1.578580750222E9" classname="testng.CreateUser">
    <skipped/>
  </testcase> <!-- @AfterMethod retriveSucessMessage -->
  <testcase name="@AfterClass LogoutBrowser" time="-1.578580750224E9" classname="testng.Baseclass">
    <skipped/>
  </testcase> <!-- @AfterClass LogoutBrowser -->
  <testcase name="testCreateCustomer" time="0.485" classname="testng.CreateCustomer"/>
  <testcase name="testCreateUser" time="0.0" classname="testng.CreateUser">
    <skipped/>
  </testcase> <!-- testCreateUser -->
  <testcase name="@AfterTest closeBrowser" time="0.0" classname="testng.Baseclass">
    <ignored/>
  </testcase> <!-- @AfterTest closeBrowser -->
  <testcase name="@BeforeTest openBrowser" time="0.0" classname="testng.Baseclass">
    <ignored/>
  </testcase> <!-- @BeforeTest openBrowser -->
</testsuite> <!-- Test -->
